## This file declares layouts and their associated definition files.
## It has been automatically generated by configure
## Use "Options/Reconfigure" if you need to update it after a
## configuration change. Run ./configure manually to update the
## system wide version of this file.
"IEEEtran" "IEEEtran" "article (IEEEtran)" "false"
"aapaper" "aa" "article (A&A V4)" "false"
"aastex" "aastex" "article (AASTeX)" "false"
"aa" "aa" "article (A&A)" "false"
"agu-dtd" "AGU-article" "AGU Article (SGML)" "false"
"agums" "aguplus" "article (AGU++) manuscript" "false"
"amsart-plain" "amsart" "article (AMS, unnumbered)" "true"
"amsart-seq" "amsart" "article (AMS, sequential numbering)" "true"
"amsart" "amsart" "article (AMS)" "true"
"amsbook" "amsbook" "book (AMS)" "true"
"apa" "apa" "article (APA)" "false"
"arab-article" "arabart" "article (Arabic)" "false"
"article" "article" "article" "true"
"beamer" "beamer" "Beamer Presentation Class" "false"
"book" "book" "book" "true"
"broadway" "broadway" "broadway" "false"
"chess" "article" "article (Chess)" "false"
"cl2emult" "cl2emult" "article (cl2emult)" "false"
"cv" "cv" "curriculum vitae" "false"
"dinbrief" "dinbrief" "letter (german)" "false"
"docbook-book" "book" "DocBook book (SGML)" "false"
"docbook-chapter" "chapter" "DocBook chapter (SGML)" "false"
"docbook-section" "section" "DocBook section (SGML)" "false"
"docbook" "article" "DocBook article (SGML)" "false"
"dtk" "dtk" "article (dtk)" "false"
"egs" "egs" "article (European Geophysical Society) egs" "false"
"elsart" "elsart" "article (elsevier)" "false"
"entcs" "entcs" "article (ENTCS)" "false"
"extarticle" "extarticle" "extarticle" "false"
"extbook" "extbook" "extbook" "false"
"extletter" "extletter" "extletter" "false"
"extreport" "extreport" "extreport" "false"
"foils" "foils" "slides (FoilTeX)" "false"
"g-brief-de" "g-brief" "letter (g-brief)" "false"
"g-brief-en" "g-brief" "letter (g-brief)" "false"
"g-brief2" "g-brief2" "letter (g-brief2)" "false"
"heb-article" "article" "article (Hebrew)" "true"
"heb-letter" "letter" "letter (Hebrew)" "true"
"hollywood" "hollywood" "hollywood" "false"
"ijmpc" "ws-ijmpc" "article (ijmpc)" "false"
"ijmpd" "ws-ijmpd" "article (ijmpd)" "false"
"jgrga" "aguplus" "article (AGU++) JGR" "false"
"kluwer" "kluwer" "article (Kluwer)" "false"
"latex8" "article" "article (Latex8)" "false"
"letter" "letter" "letter" "true"
"linuxdoc" "article" "LinuxDoc article (SGML)" "false"
"literate-article" "article" "article (Noweb)" "false"
"literate-book" "book" "book (Noweb)" "false"
"literate-report" "report" "report (Noweb)" "false"
"llncs" "llncs" "article (LNCS)" "false"
"ltugboat" "ltugboat" "article (tugboat)" "false"
"manpage" "manpage" "LinuxDoc manpage (SGML)" "false"
"memoir" "memoir" "memoir" "false"
"mwart" "mwart" "article (mwart)" "false"
"mwbk" "mwbk" "book (mwbk)" "false"
"mwrep" "mwrep" "report (mwrep)" "false"
"paper" "paper" "article (paper)" "false"
"report" "report" "report" "true"
"revtex4" "revtex4" "article (REVTeX 4)" "false"
"revtex" "revtex" "article (REVTeX)" "false"
"scrartcl" "scrartcl" "article (koma-script)" "false"
"scrbook" "scrbook" "book (koma-script)" "false"
"scrlettr" "scrlettr" "letter (koma-script)" "false"
"scrlttr2" "scrlttr2" "letter (koma-script v.2)" "false"
"scrreprt" "scrreprt" "report (koma-script)" "false"
"seminar" "seminar" "slides (seminar)" "false"
"siamltex" "siamltex" "article (siamltex)" "false"
"slides" "slides" "slides (default)" "true"
"spie" "spie" "article (SPIE-Proceedings)" "false"
"svglobal" "svjour" "article (Springer - svjour/global)" "false"
"svjog" "svjour" "article (Springer - svjour/jog)" "false"
"svprobth" "svjour" "article (Springer - svjour/PTRF)" "false"
